0 verbose cli [ '/usr/local/bin/node', '/usr/local/bin/npm', 'run', 'start' ]
1 info using npm@7.11.2
2 info using node@v16.1.0
3 timing npm:load:whichnode Completed in 1ms
4 timing config:load:defaults Completed in 1ms
5 timing config:load:file:/usr/local/lib/node_modules/npm/npmrc Completed in 1ms
6 timing config:load:builtin Completed in 1ms
7 timing config:load:cli Completed in 1ms
8 timing config:load:env Completed in 0ms
9 timing config:load:project Completed in 0ms
10 timing config:load:file:/home/node/.npmrc Completed in 0ms
11 timing config:load:user Completed in 0ms
12 timing config:load:file:/usr/local/etc/npmrc Completed in 1ms
13 timing config:load:global Completed in 1ms
14 timing config:load:validate Completed in 0ms
15 timing config:load:credentials Completed in 0ms
16 timing config:load:setEnvs Completed in 0ms
17 timing config:load Completed in 5ms
18 timing npm:load:configload Completed in 5ms
19 timing npm:load:setTitle Completed in 0ms
20 timing npm:load:setupLog Completed in 0ms
21 timing npm:load:cleanupLog Completed in 1ms
22 timing npm:load:configScope Completed in 0ms
23 timing npm:load:projectScope Completed in 0ms
24 timing npm:load Completed in 8ms
25 timing config:load:flatten Completed in 1ms
26 timing command:run-script Completed in 7339ms
27 verbose stack Error: command failed
27 verbose stack     at ChildProcess.<anonymous> (/usr/local/lib/node_modules/npm/node_modules/@npmcli/promise-spawn/index.js:64:27)
27 verbose stack     at ChildProcess.emit (node:events:365:28)
27 verbose stack     at maybeClose (node:internal/child_process:1067:16)
27 verbose stack     at Process.ChildProcess._handle.onexit (node:internal/child_process:301:5)
28 verbose pkgid frontend@0.1.0
29 verbose cwd /home/node
30 verbose Linux 5.8.0-53-generic
31 verbose argv "/usr/local/bin/node" "/usr/local/bin/npm" "run" "start"
32 verbose node v16.1.0
33 verbose npm  v7.11.2
34 error path /home/node
35 error command failed
36 error signal SIGINT
37 error command sh -c react-scripts start
38 verbose exit 1
